# JRE version: Java(TM) SE Runtime Environment (8.0_291-b10) (build 1.8.0_291-b10)
# Java VM: Java HotSpot(TM) 64-Bit Server VM (25.291-b10 mixed mode windows-amd64 compressed oops)
Heap:
 PSYoungGen      total 334848K, used 320512K [0x00000000eab00000, 0x0000000100000000, 0x0000000100000000)
  eden space 320512K, 100% used [0x00000000eab00000,0x00000000fe400000,0x00000000fe400000)
  from space 14336K, 0% used [0x00000000fe400000,0x00000000fe400000,0x00000000ff200000)
  to   space 14336K, 100% used [0x00000000ff200000,0x0000000100000000,0x0000000100000000)
 ParOldGen       total 699392K, used 699384K [0x00000000c0000000, 0x00000000eab00000, 0x00000000eab00000)
  object space 699392K, 99% used [0x00000000c0000000,0x00000000eaafe218,0x00000000eab00000)
 Metaspace       used 14000K, capacity 14608K, committed 14848K, reserved 1062912K
  class space    used 2073K, capacity 2239K, committed 2304K, reserved 1048576K
GC Heap History (10 events):
Event: 7791.957 GC heap after
Heap after GC invocations=4604 (full 3838):
 PSYoungGen      total 334848K, used 309045K [0x00000000eab00000, 0x0000000100000000, 0x0000000100000000)
  eden space 320512K, 96% used [0x00000000eab00000,0x00000000fd8cd728,0x00000000fe400000)
  from space 14336K, 0% used [0x00000000fe400000,0x00000000fe400000,0x00000000ff200000)
  to   space 14336K, 0% used [0x00000000ff200000,0x00000000ff200000,0x0000000100000000)
 ParOldGen       total 699392K, used 698978K [0x00000000c0000000, 0x00000000eab00000, 0x00000000eab00000)
  object space 699392K, 99% used [0x00000000c0000000,0x00000000eaa989e0,0x00000000eab00000)
 Metaspace       used 14000K, capacity 14608K, committed 14848K, reserved 1062912K
  class space    used 2073K, capacity 2239K, committed 2304K, reserved 1048576K
}
Event: 7791.967 GC heap before
{Heap before GC invocations=4605 (full 3839):
 PSYoungGen      total 334848K, used 320512K [0x00000000eab00000, 0x0000000100000000, 0x0000000100000000)
  eden space 320512K, 100% used [0x00000000eab00000,0x00000000fe400000,0x00000000fe400000)
  from space 14336K, 0% used [0x00000000fe400000,0x00000000fe400000,0x00000000ff200000)
  to   space 14336K, 0% used [0x00000000ff200000,0x00000000ff200000,0x0000000100000000)
 ParOldGen       total 699392K, used 698978K [0x00000000c0000000, 0x00000000eab00000, 0x00000000eab00000)
  object space 699392K, 99% used [0x00000000c0000000,0x00000000eaa989e0,0x00000000eab00000)
 Metaspace       used 14000K, capacity 14608K, committed 14848K, reserved 1062912K
  class space    used 2073K, capacity 2239K, committed 2304K, reserved 1048576K
Event: 7794.091 GC heap after
Heap after GC invocations=4605 (full 3839):
 PSYoungGen      total 334848K, used 309071K [0x00000000eab00000, 0x0000000100000000, 0x0000000100000000)
  eden space 320512K, 96% used [0x00000000eab00000,0x00000000fd8d3ef0,0x00000000fe400000)
  from space 14336K, 0% used [0x00000000fe400000,0x00000000fe400000,0x00000000ff200000)
  to   space 14336K, 0% used [0x00000000ff200000,0x00000000ff200000,0x0000000100000000)
 ParOldGen       total 699392K, used 698967K [0x00000000c0000000, 0x00000000eab00000, 0x00000000eab00000)
  object space 699392K, 99% used [0x00000000c0000000,0x00000000eaa95c78,0x00000000eab00000)
 Metaspace       used 14000K, capacity 14608K, committed 14848K, reserved 1062912K
  class space    used 2073K, capacity 2239K, committed 2304K, reserved 1048576K
}
Event: 7794.102 GC heap before
{Heap before GC invocations=4606 (full 3840):
 PSYoungGen      total 334848K, used 320512K [0x00000000eab00000, 0x0000000100000000, 0x0000000100000000)
  eden space 320512K, 100% used [0x00000000eab00000,0x00000000fe400000,0x00000000fe400000)
  from space 14336K, 0% used [0x00000000fe400000,0x00000000fe400000,0x00000000ff200000)
  to   space 14336K, 0% used [0x00000000ff200000,0x00000000ff200000,0x0000000100000000)
 ParOldGen       total 699392K, used 698967K [0x00000000c0000000, 0x00000000eab00000, 0x00000000eab00000)
  object space 699392K, 99% used [0x00000000c0000000,0x00000000eaa95c78,0x00000000eab00000)
 Metaspace       used 14000K, capacity 14608K, committed 14848K, reserved 1062912K
  class space    used 2073K, capacity 2239K, committed 2304K, reserved 1048576K
Event: 7796.181 GC heap after
Heap after GC invocations=4606 (full 3840):
 PSYoungGen      total 334848K, used 309105K [0x00000000eab00000, 0x0000000100000000, 0x0000000100000000)
  eden space 320512K, 96% used [0x00000000eab00000,0x00000000fd8dc750,0x00000000fe400000)
  from space 14336K, 0% used [0x00000000fe400000,0x00000000fe400000,0x00000000ff200000)
  to   space 14336K, 0% used [0x00000000ff200000,0x00000000ff200000,0x0000000100000000)
 ParOldGen       total 699392K, used 698955K [0x00000000c0000000, 0x00000000eab00000, 0x00000000eab00000)
  object space 699392K, 99% used [0x00000000c0000000,0x00000000eaa92c88,0x00000000eab00000)
 Metaspace       used 14000K, capacity 14608K, committed 14848K, reserved 1062912K
  class space    used 2073K, capacity 2239K, committed 2304K, reserved 1048576K
}
Event: 7796.192 GC heap before
{Heap before GC invocations=4607 (full 3841):
 PSYoungGen      total 334848K, used 320512K [0x00000000eab00000, 0x0000000100000000, 0x0000000100000000)
  eden space 320512K, 100% used [0x00000000eab00000,0x00000000fe400000,0x00000000fe400000)
  from space 14336K, 0% used [0x00000000fe400000,0x00000000fe400000,0x00000000ff200000)
  to   space 14336K, 0% used [0x00000000ff200000,0x00000000ff200000,0x0000000100000000)
 ParOldGen       total 699392K, used 698955K [0x00000000c0000000, 0x00000000eab00000, 0x00000000eab00000)
  object space 699392K, 99% used [0x00000000c0000000,0x00000000eaa92c88,0x00000000eab00000)
 Metaspace       used 14000K, capacity 14608K, committed 14848K, reserved 1062912K
  class space    used 2073K, capacity 2239K, committed 2304K, reserved 1048576K
Event: 7797.986 GC heap after
Heap after GC invocations=4607 (full 3841):
 PSYoungGen      total 334848K, used 309134K [0x00000000eab00000, 0x0000000100000000, 0x0000000100000000)
  eden space 320512K, 96% used [0x00000000eab00000,0x00000000fd8e3938,0x00000000fe400000)
  from space 14336K, 0% used [0x00000000fe400000,0x00000000fe400000,0x00000000ff200000)
  to   space 14336K, 0% used [0x00000000ff200000,0x00000000ff200000,0x0000000100000000)
 ParOldGen       total 699392K, used 698943K [0x00000000c0000000, 0x00000000eab00000, 0x00000000eab00000)
  object space 699392K, 99% used [0x00000000c0000000,0x00000000eaa8fc48,0x00000000eab00000)
 Metaspace       used 14000K, capacity 14608K, committed 14848K, reserved 1062912K
  class space    used 2073K, capacity 2239K, committed 2304K, reserved 1048576K
}
Event: 7797.997 GC heap before
{Heap before GC invocations=4608 (full 3842):
 PSYoungGen      total 334848K, used 320512K [0x00000000eab00000, 0x0000000100000000, 0x0000000100000000)
  eden space 320512K, 100% used [0x00000000eab00000,0x00000000fe400000,0x00000000fe400000)
  from space 14336K, 0% used [0x00000000fe400000,0x00000000fe400000,0x00000000ff200000)
  to   space 14336K, 0% used [0x00000000ff200000,0x00000000ff200000,0x0000000100000000)
 ParOldGen       total 699392K, used 698943K [0x00000000c0000000, 0x00000000eab00000, 0x00000000eab00000)
  object space 699392K, 99% used [0x00000000c0000000,0x00000000eaa8fc48,0x00000000eab00000)
 Metaspace       used 14000K, capacity 14608K, committed 14848K, reserved 1062912K
  class space    used 2073K, capacity 2239K, committed 2304K, reserved 1048576K
Event: 7800.241 GC heap after
Heap after GC invocations=4608 (full 3842):
 PSYoungGen      total 334848K, used 309149K [0x00000000eab00000, 0x0000000100000000, 0x0000000100000000)
  eden space 320512K, 96% used [0x00000000eab00000,0x00000000fd8e7758,0x00000000fe400000)
  from space 14336K, 0% used [0x00000000fe400000,0x00000000fe400000,0x00000000ff200000)
  to   space 14336K, 0% used [0x00000000ff200000,0x00000000ff200000,0x0000000100000000)
 ParOldGen       total 699392K, used 698936K [0x00000000c0000000, 0x00000000eab00000, 0x00000000eab00000)
  object space 699392K, 99% used [0x00000000c0000000,0x00000000eaa8e218,0x00000000eab00000)
 Metaspace       used 14000K, capacity 14608K, committed 14848K, reserved 1062912K
  class space    used 2073K, capacity 2239K, committed 2304K, reserved 1048576K
}
Event: 7800.252 GC heap before
{Heap before GC invocations=4609 (full 3842):
 PSYoungGen      total 334848K, used 320512K [0x00000000eab00000, 0x0000000100000000, 0x0000000100000000)
  eden space 320512K, 100% used [0x00000000eab00000,0x00000000fe400000,0x00000000fe400000)
  from space 14336K, 0% used [0x00000000fe400000,0x00000000fe400000,0x00000000ff200000)
  to   space 14336K, 0% used [0x00000000ff200000,0x00000000ff200000,0x0000000100000000)
 ParOldGen       total 699392K, used 698936K [0x00000000c0000000, 0x00000000eab00000, 0x00000000eab00000)
  object space 699392K, 99% used [0x00000000c0000000,0x00000000eaa8e218,0x00000000eab00000)
 Metaspace       used 14000K, capacity 14608K, committed 14848K, reserved 1062912K
  class space    used 2073K, capacity 2239K, committed 2304K, reserved 1048576K

